# JRE version: OpenJDK Runtime Environment Temurin-21.0.11+10 (21.0.11+10) (build 21.0.11+10-LTS)
# Java VM: OpenJDK 64-Bit Server VM Temurin-21.0.11+10 (21.0.11+10-LTS, mixed mode, sharing, tiered, compressed oops, compressed class ptrs, parallel gc, windows-amd64)
GC Precious Log:
 CardTable entry size: 512
 CPUs: 4 total, 4 available
 Memory: 6086M
 Large Page Support: Disabled
 NUMA Support: Disabled
 Compressed Oops: Enabled (32-bit)
 Alignments: Space 512K, Generation 512K, Heap 2M
 Heap Min Capacity: 100M
 Heap Initial Capacity: 100M
 Heap Max Capacity: 2G
 Pre-touch: Disabled
 Parallel Workers: 4
Heap:
 PSYoungGen      total 2560K, used 1997K [0x00000000d5580000, 0x00000000d5a00000, 0x0000000100000000)
  eden space 2048K, 94% used [0x00000000d5580000,0x00000000d5763688,0x00000000d5780000)
  from space 512K, 12% used [0x00000000d5980000,0x00000000d5990000,0x00000000d5a00000)
  to   space 512K, 0% used [0x00000000d5900000,0x00000000d5900000,0x00000000d5980000)
 ParOldGen       total 168960K, used 168827K [0x0000000080000000, 0x000000008a500000, 0x00000000d5580000)
  object space 168960K, 99% used [0x0000000080000000,0x000000008a4dedc0,0x000000008a500000)
 Metaspace       used 90095K, committed 91776K, reserved 1179648K
  class space    used 9347K, committed 10112K, reserved 1048576K
GC Heap History (20 events):
Event: 89853.643 GC heap before
{Heap before GC invocations=367 (full 4):
 PSYoungGen      total 2560K, used 2144K [0x00000000d5580000, 0x00000000d5a00000, 0x0000000100000000)
  eden space 2048K, 100% used [0x00000000d5580000,0x00000000d5780000,0x00000000d5780000)
  from space 512K, 18% used [0x00000000d5980000,0x00000000d5998000,0x00000000d5a00000)
  to   space 512K, 0% used [0x00000000d5900000,0x00000000d5900000,0x00000000d5980000)
 ParOldGen       total 164864K, used 164861K [0x0000000080000000, 0x000000008a100000, 0x00000000d5580000)
  object space 164864K, 99% used [0x0000000080000000,0x000000008a0ff6c0,0x000000008a100000)
 Metaspace       used 89865K, committed 91456K, reserved 1179648K
  class space    used 9324K, committed 10048K, reserved 1048576K
}
Event: 89853.895 GC heap after
{Heap after GC invocations=367 (full 4):
 PSYoungGen      total 2560K, used 192K [0x00000000d5580000, 0x00000000d5a00000, 0x0000000100000000)
  eden space 2048K, 0% used [0x00000000d5580000,0x00000000d5580000,0x00000000d5780000)
  from space 512K, 37% used [0x00000000d5900000,0x00000000d5930000,0x00000000d5980000)
  to   space 512K, 0% used [0x00000000d5980000,0x00000000d5980000,0x00000000d5a00000)
 ParOldGen       total 164864K, used 164861K [0x0000000080000000, 0x000000008a100000, 0x00000000d5580000)
  object space 164864K, 99% used [0x0000000080000000,0x000000008a0ff6c0,0x000000008a100000)
 Metaspace       used 89865K, committed 91456K, reserved 1179648K
  class space    used 9324K, committed 10048K, reserved 1048576K
}
Event: 89862.292 GC heap before
{Heap before GC invocations=368 (full 4):
 PSYoungGen      total 2560K, used 2239K [0x00000000d5580000, 0x00000000d5a00000, 0x0000000100000000)
  eden space 2048K, 99% used [0x00000000d5580000,0x00000000d577ffe8,0x00000000d5780000)
  from space 512K, 37% used [0x00000000d5900000,0x00000000d5930000,0x00000000d5980000)
  to   space 512K, 0% used [0x00000000d5980000,0x00000000d5980000,0x00000000d5a00000)
 ParOldGen       total 164864K, used 164861K [0x0000000080000000, 0x000000008a100000, 0x00000000d5580000)
  object space 164864K, 99% used [0x0000000080000000,0x000000008a0ff6c0,0x000000008a100000)
 Metaspace       used 89950K, committed 91648K, reserved 1179648K
  class space    used 9337K, committed 10112K, reserved 1048576K
}
Event: 89862.307 GC heap after
{Heap after GC invocations=368 (full 4):
 PSYoungGen      total 2560K, used 502K [0x00000000d5580000, 0x00000000d5a00000, 0x0000000100000000)
  eden space 2048K, 0% used [0x00000000d5580000,0x00000000d5580000,0x00000000d5780000)
  from space 512K, 98% used [0x00000000d5980000,0x00000000d59fd800,0x00000000d5a00000)
  to   space 1024K, 0% used [0x00000000d5800000,0x00000000d5800000,0x00000000d5900000)
 ParOldGen       total 165376K, used 164909K [0x0000000080000000, 0x000000008a180000, 0x00000000d5580000)
  object space 165376K, 99% used [0x0000000080000000,0x000000008a10b6c0,0x000000008a180000)
 Metaspace       used 89950K, committed 91648K, reserved 1179648K
  class space    used 9337K, committed 10112K, reserved 1048576K
}
Event: 89864.792 GC heap before
{Heap before GC invocations=369 (full 4):
 PSYoungGen      total 2560K, used 2549K [0x00000000d5580000, 0x00000000d5a00000, 0x0000000100000000)
  eden space 2048K, 99% used [0x00000000d5580000,0x00000000d577fff0,0x00000000d5780000)
  from space 512K, 98% used [0x00000000d5980000,0x00000000d59fd800,0x00000000d5a00000)
  to   space 1024K, 0% used [0x00000000d5800000,0x00000000d5800000,0x00000000d5900000)
 ParOldGen       total 165376K, used 164909K [0x0000000080000000, 0x000000008a180000, 0x00000000d5580000)
  object space 165376K, 99% used [0x0000000080000000,0x000000008a10b6c0,0x000000008a180000)
 Metaspace       used 89974K, committed 91648K, reserved 1179648K
  class space    used 9339K, committed 10112K, reserved 1048576K
}
Event: 89864.811 GC heap after
{Heap after GC invocations=369 (full 4):
 PSYoungGen      total 3072K, used 224K [0x00000000d5580000, 0x00000000d5a00000, 0x0000000100000000)
  eden space 2048K, 0% used [0x00000000d5580000,0x00000000d5580000,0x00000000d5780000)
  from space 1024K, 21% used [0x00000000d5800000,0x00000000d5838000,0x00000000d5900000)
  to   space 512K, 0% used [0x00000000d5980000,0x00000000d5980000,0x00000000d5a00000)
 ParOldGen       total 165376K, used 165366K [0x0000000080000000, 0x000000008a180000, 0x00000000d5580000)
  object space 165376K, 99% used [0x0000000080000000,0x000000008a17da28,0x000000008a180000)
 Metaspace       used 89974K, committed 91648K, reserved 1179648K
  class space    used 9339K, committed 10112K, reserved 1048576K
}
Event: 89865.403 GC heap before
{Heap before GC invocations=370 (full 4):
 PSYoungGen      total 3072K, used 2272K [0x00000000d5580000, 0x00000000d5a00000, 0x0000000100000000)
  eden space 2048K, 100% used [0x00000000d5580000,0x00000000d5780000,0x00000000d5780000)
  from space 1024K, 21% used [0x00000000d5800000,0x00000000d5838000,0x00000000d5900000)
  to   space 512K, 0% used [0x00000000d5980000,0x00000000d5980000,0x00000000d5a00000)
 ParOldGen       total 165376K, used 165366K [0x0000000080000000, 0x000000008a180000, 0x00000000d5580000)
  object space 165376K, 99% used [0x0000000080000000,0x000000008a17da28,0x000000008a180000)
 Metaspace       used 90005K, committed 91712K, reserved 1179648K
  class space    used 9340K, committed 10112K, reserved 1048576K
}
Event: 89865.408 GC heap after
{Heap after GC invocations=370 (full 4):
 PSYoungGen      total 2560K, used 512K [0x00000000d5580000, 0x00000000d5b80000, 0x0000000100000000)
  eden space 2048K, 0% used [0x00000000d5580000,0x00000000d5580000,0x00000000d5780000)
  from space 512K, 100% used [0x00000000d5980000,0x00000000d5a00000,0x00000000d5a00000)
  to   space 2048K, 0% used [0x00000000d5780000,0x00000000d5780000,0x00000000d5980000)
 ParOldGen       total 166912K, used 166538K [0x0000000080000000, 0x000000008a300000, 0x00000000d5580000)
  object space 166912K, 99% used [0x0000000080000000,0x000000008a2a2b48,0x000000008a300000)
 Metaspace       used 90005K, committed 91712K, reserved 1179648K
  class space    used 9340K, committed 10112K, reserved 1048576K
}
Event: 89865.463 GC heap before
{Heap before GC invocations=371 (full 4):
 PSYoungGen      total 2560K, used 2560K [0x00000000d5580000, 0x00000000d5b80000, 0x0000000100000000)
  eden space 2048K, 100% used [0x00000000d5580000,0x00000000d5780000,0x00000000d5780000)
  from space 512K, 100% used [0x00000000d5980000,0x00000000d5a00000,0x00000000d5a00000)
  to   space 2048K, 0% used [0x00000000d5780000,0x00000000d5780000,0x00000000d5980000)
 ParOldGen       total 166912K, used 166538K [0x0000000080000000, 0x000000008a300000, 0x00000000d5580000)
  object space 166912K, 99% used [0x0000000080000000,0x000000008a2a2b48,0x000000008a300000)
 Metaspace       used 90006K, committed 91712K, reserved 1179648K
  class space    used 9340K, committed 10112K, reserved 1048576K
}
Event: 89865.477 GC heap after
{Heap after GC invocations=371 (full 4):
 PSYoungGen      total 4096K, used 1472K [0x00000000d5580000, 0x00000000d5b80000, 0x0000000100000000)
  eden space 2048K, 0% used [0x00000000d5580000,0x00000000d5580000,0x00000000d5780000)
  from space 2048K, 71% used [0x00000000d5780000,0x00000000d58f0000,0x00000000d5980000)
  to   space 2048K, 0% used [0x00000000d5980000,0x00000000d5980000,0x00000000d5b80000)
 ParOldGen       total 167424K, used 167074K [0x0000000080000000, 0x000000008a380000, 0x00000000d5580000)
  object space 167424K, 99% used [0x0000000080000000,0x000000008a328bc0,0x000000008a380000)
 Metaspace       used 90006K, committed 91712K, reserved 1179648K
  class space    used 9340K, committed 10112K, reserved 1048576K
}
Event: 89868.435 GC heap before
{Heap before GC invocations=372 (full 4):
 PSYoungGen      total 4096K, used 3520K [0x00000000d5580000, 0x00000000d5b80000, 0x0000000100000000)
  eden space 2048K, 100% used [0x00000000d5580000,0x00000000d5780000,0x00000000d5780000)
  from space 2048K, 71% used [0x00000000d5780000,0x00000000d58f0000,0x00000000d5980000)
  to   space 2048K, 0% used [0x00000000d5980000,0x00000000d5980000,0x00000000d5b80000)
 ParOldGen       total 167424K, used 167074K [0x0000000080000000, 0x000000008a380000, 0x00000000d5580000)
  object space 167424K, 99% used [0x0000000080000000,0x000000008a328bc0,0x000000008a380000)
 Metaspace       used 90089K, committed 91776K, reserved 1179648K
  class space    used 9347K, committed 10112K, reserved 1048576K
}
Event: 89868.443 GC heap after
{Heap after GC invocations=372 (full 4):
 PSYoungGen      total 3072K, used 528K [0x00000000d5580000, 0x00000000d5a80000, 0x0000000100000000)
  eden space 2048K, 0% used [0x00000000d5580000,0x00000000d5580000,0x00000000d5780000)
  from space 1024K, 51% used [0x00000000d5980000,0x00000000d5a04010,0x00000000d5a80000)
  to   space 1024K, 0% used [0x00000000d5880000,0x00000000d5880000,0x00000000d5980000)
 ParOldGen       total 168960K, used 168475K [0x0000000080000000, 0x000000008a500000, 0x00000000d5580000)
  object space 168960K, 99% used [0x0000000080000000,0x000000008a486da0,0x000000008a500000)
 Metaspace       used 90089K, committed 91776K, reserved 1179648K
  class space    used 9347K, committed 10112K, reserved 1048576K
}
Event: 90211.602 GC heap before
{Heap before GC invocations=373 (full 4):
 PSYoungGen      total 3072K, used 2576K [0x00000000d5580000, 0x00000000d5a80000, 0x0000000100000000)
  eden space 2048K, 100% used [0x00000000d5580000,0x00000000d5780000,0x00000000d5780000)
  from space 1024K, 51% used [0x00000000d5980000,0x00000000d5a04010,0x00000000d5a80000)
  to   space 1024K, 0% used [0x00000000d5880000,0x00000000d5880000,0x00000000d5980000)
 ParOldGen       total 168960K, used 168475K [0x0000000080000000, 0x000000008a500000, 0x00000000d5580000)
  object space 168960K, 99% used [0x0000000080000000,0x000000008a486da0,0x000000008a500000)
 Metaspace       used 90089K, committed 91776K, reserved 1179648K
  class space    used 9347K, committed 10112K, reserved 1048576K
}
Event: 90211.616 GC heap after
{Heap after GC invocations=373 (full 4):
 PSYoungGen      total 3072K, used 128K [0x00000000d5580000, 0x00000000d5a00000, 0x0000000100000000)
  eden space 2048K, 0% used [0x00000000d5580000,0x00000000d5580000,0x00000000d5780000)
  from space 1024K, 12% used [0x00000000d5880000,0x00000000d58a0000,0x00000000d5980000)
  to   space 512K, 0% used [0x00000000d5980000,0x00000000d5980000,0x00000000d5a00000)
 ParOldGen       total 168960K, used 168787K [0x0000000080000000, 0x000000008a500000, 0x00000000d5580000)
  object space 168960K, 99% used [0x0000000080000000,0x000000008a4d4dc0,0x000000008a500000)
 Metaspace       used 90089K, committed 91776K, reserved 1179648K
  class space    used 9347K, committed 10112K, reserved 1048576K
}
Event: 100216.073 GC heap before
{Heap before GC invocations=374 (full 4):
 PSYoungGen      total 3072K, used 2176K [0x00000000d5580000, 0x00000000d5a00000, 0x0000000100000000)
  eden space 2048K, 100% used [0x00000000d5580000,0x00000000d5780000,0x00000000d5780000)
  from space 1024K, 12% used [0x00000000d5880000,0x00000000d58a0000,0x00000000d5980000)
  to   space 512K, 0% used [0x00000000d5980000,0x00000000d5980000,0x00000000d5a00000)
 ParOldGen       total 168960K, used 168787K [0x0000000080000000, 0x000000008a500000, 0x00000000d5580000)
  object space 168960K, 99% used [0x0000000080000000,0x000000008a4d4dc0,0x000000008a500000)
 Metaspace       used 90095K, committed 91776K, reserved 1179648K
  class space    used 9347K, committed 10112K, reserved 1048576K
}
Event: 100216.976 GC heap after
{Heap after GC invocations=374 (full 4):
 PSYoungGen      total 2560K, used 96K [0x00000000d5580000, 0x00000000d5a00000, 0x0000000100000000)
  eden space 2048K, 0% used [0x00000000d5580000,0x00000000d5580000,0x00000000d5780000)
  from space 512K, 18% used [0x00000000d5980000,0x00000000d5998000,0x00000000d5a00000)
  to   space 512K, 0% used [0x00000000d5900000,0x00000000d5900000,0x00000000d5980000)
 ParOldGen       total 168960K, used 168803K [0x0000000080000000, 0x000000008a500000, 0x00000000d5580000)
  object space 168960K, 99% used [0x0000000080000000,0x000000008a4d8dc0,0x000000008a500000)
 Metaspace       used 90095K, committed 91776K, reserved 1179648K
  class space    used 9347K, committed 10112K, reserved 1048576K
}
Event: 115526.472 GC heap before
{Heap before GC invocations=375 (full 4):
 PSYoungGen      total 2560K, used 2144K [0x00000000d5580000, 0x00000000d5a00000, 0x0000000100000000)
  eden space 2048K, 100% used [0x00000000d5580000,0x00000000d5780000,0x00000000d5780000)
  from space 512K, 18% used [0x00000000d5980000,0x00000000d5998000,0x00000000d5a00000)
  to   space 512K, 0% used [0x00000000d5900000,0x00000000d5900000,0x00000000d5980000)
 ParOldGen       total 168960K, used 168803K [0x0000000080000000, 0x000000008a500000, 0x00000000d5580000)
  object space 168960K, 99% used [0x0000000080000000,0x000000008a4d8dc0,0x000000008a500000)
 Metaspace       used 90095K, committed 91776K, reserved 1179648K
  class space    used 9347K, committed 10112K, reserved 1048576K
}
Event: 115526.686 GC heap after
{Heap after GC invocations=375 (full 4):
 PSYoungGen      total 2560K, used 96K [0x00000000d5580000, 0x00000000d5a00000, 0x0000000100000000)
  eden space 2048K, 0% used [0x00000000d5580000,0x00000000d5580000,0x00000000d5780000)
  from space 512K, 18% used [0x00000000d5900000,0x00000000d5918000,0x00000000d5980000)
  to   space 512K, 0% used [0x00000000d5980000,0x00000000d5980000,0x00000000d5a00000)
 ParOldGen       total 168960K, used 168803K [0x0000000080000000, 0x000000008a500000, 0x00000000d5580000)
  object space 168960K, 99% used [0x0000000080000000,0x000000008a4d8dc0,0x000000008a500000)
 Metaspace       used 90095K, committed 91776K, reserved 1179648K
  class space    used 9347K, committed 10112K, reserved 1048576K
}
Event: 135004.271 GC heap before
{Heap before GC invocations=376 (full 4):
 PSYoungGen      total 2560K, used 2144K [0x00000000d5580000, 0x00000000d5a00000, 0x0000000100000000)
  eden space 2048K, 100% used [0x00000000d5580000,0x00000000d5780000,0x00000000d5780000)
  from space 512K, 18% used [0x00000000d5900000,0x00000000d5918000,0x00000000d5980000)
  to   space 512K, 0% used [0x00000000d5980000,0x00000000d5980000,0x00000000d5a00000)
 ParOldGen       total 168960K, used 168803K [0x0000000080000000, 0x000000008a500000, 0x00000000d5580000)
  object space 168960K, 99% used [0x0000000080000000,0x000000008a4d8dc0,0x000000008a500000)
 Metaspace       used 90095K, committed 91776K, reserved 1179648K
  class space    used 9347K, committed 10112K, reserved 1048576K
}
Event: 135004.278 GC heap after
{Heap after GC invocations=376 (full 4):
 PSYoungGen      total 2560K, used 64K [0x00000000d5580000, 0x00000000d5a00000, 0x0000000100000000)
  eden space 2048K, 0% used [0x00000000d5580000,0x00000000d5580000,0x00000000d5780000)
  from space 512K, 12% used [0x00000000d5980000,0x00000000d5990000,0x00000000d5a00000)
  to   space 512K, 0% used [0x00000000d5900000,0x00000000d5900000,0x00000000d5980000)
 ParOldGen       total 168960K, used 168827K [0x0000000080000000, 0x000000008a500000, 0x00000000d5580000)
  object space 168960K, 99% used [0x0000000080000000,0x000000008a4dedc0,0x000000008a500000)
 Metaspace       used 90095K, committed 91776K, reserved 1179648K
  class space    used 9347K, committed 10112K, reserved 1048576K
}

